2020-04-06 13:32:27,840 - ************************************************************** 
2020-04-06 13:32:27,841 - Starting Jakarta Velocity v1.4
2020-04-06 13:32:27,841 - RuntimeInstance initializing.
2020-04-06 13:32:27,841 - Default Properties File: org\apache\velocity\runtime\defaults\velocity.properties
2020-04-06 13:32:27,841 - Trying to use logger class org.apache.velocity.runtime.log.SimpleLog4JLogSystem
2020-04-06 13:32:27,841 - Using logger class org.apache.velocity.runtime.log.SimpleLog4JLogSystem
2020-04-06 13:32:27,851 - Default ResourceManager initializing. (class org.apache.velocity.runtime.resource.ResourceManagerImpl)
2020-04-06 13:32:27,859 - Resource Loader Instantiated: org.apache.velocity.runtime.resource.loader.ClasspathResourceLoader
2020-04-06 13:32:27,860 - ClasspathResourceLoader : initialization starting.
2020-04-06 13:32:27,860 - ClasspathResourceLoader : initialization complete.
2020-04-06 13:32:27,864 - ResourceCache : initialized. (class org.apache.velocity.runtime.resource.ResourceCacheImpl)
2020-04-06 13:32:27,865 - Default ResourceManager initialization complete.
2020-04-06 13:32:27,870 - Loaded System Directive: org.apache.velocity.runtime.directive.Literal
2020-04-06 13:32:27,875 - Loaded System Directive: org.apache.velocity.runtime.directive.Macro
2020-04-06 13:32:27,882 - Loaded System Directive: org.apache.velocity.runtime.directive.Parse
2020-04-06 13:32:27,888 - Loaded System Directive: org.apache.velocity.runtime.directive.Include
2020-04-06 13:32:27,892 - Loaded System Directive: org.apache.velocity.runtime.directive.Foreach
2020-04-06 13:32:27,965 - Created: 20 parsers.
2020-04-06 13:32:27,989 - Velocimacro : initialization starting.
2020-04-06 13:32:27,989 - Velocimacro : adding VMs from VM library template : VM_global_library.vm
2020-04-06 13:32:28,001 - ResourceManager : unable to find resource 'VM_global_library.vm' in any resource loader.
2020-04-06 13:32:28,002 - Velocimacro : error using  VM library template VM_global_library.vm : org.apache.velocity.exception.ResourceNotFoundException: Unable to find resource 'VM_global_library.vm'
2020-04-06 13:32:28,002 - Velocimacro :  VM library template macro registration complete.
2020-04-06 13:32:28,002 - Velocimacro : allowInline = true : VMs can be defined inline in templates
2020-04-06 13:32:28,002 - Velocimacro : allowInlineToOverride = false : VMs defined inline may NOT replace previous VM definitions
2020-04-06 13:32:28,003 - Velocimacro : allowInlineLocal = false : VMs defined inline will be  global in scope if allowed.
2020-04-06 13:32:28,003 - Velocimacro : messages on  : VM system will output logging messages
2020-04-06 13:32:28,003 - Velocimacro : autoload off  : VM system will not automatically reload global library macros
2020-04-06 13:32:28,003 - Velocimacro : initialization complete.
2020-04-06 13:32:28,003 - Velocity successfully started.
2020-04-06 13:33:59,706 - ResourceManager : found repast/simphony/scenario/Scenario.vt with loader org.apache.velocity.runtime.resource.loader.ClasspathResourceLoader
2020-04-06 13:36:24,918 - ResourceManager : found repast/simphony/scenario/Scenario.vt with loader org.apache.velocity.runtime.resource.loader.ClasspathResourceLoader
2020-04-06 14:20:20,357 - SimpleLog4JLogSystem initialized using logfile 'velocity.log'
2020-04-06 14:20:20,357 - ************************************************************** 
2020-04-06 14:20:20,357 - Starting Jakarta Velocity v1.4
2020-04-06 14:20:20,357 - RuntimeInstance initializing.
2020-04-06 14:20:20,357 - Default Properties File: org\apache\velocity\runtime\defaults\velocity.properties
2020-04-06 14:20:20,357 - Trying to use logger class org.apache.velocity.runtime.log.SimpleLog4JLogSystem
2020-04-06 14:20:20,357 - Using logger class org.apache.velocity.runtime.log.SimpleLog4JLogSystem
2020-04-06 14:20:20,373 - Default ResourceManager initializing. (class org.apache.velocity.runtime.resource.ResourceManagerImpl)
2020-04-06 14:20:20,373 - Resource Loader Instantiated: org.apache.velocity.runtime.resource.loader.ClasspathResourceLoader
2020-04-06 14:20:20,373 - ClasspathResourceLoader : initialization starting.
2020-04-06 14:20:20,373 - ClasspathResourceLoader : initialization complete.
2020-04-06 14:20:20,389 - ResourceCache : initialized. (class org.apache.velocity.runtime.resource.ResourceCacheImpl)
2020-04-06 14:20:20,389 - Default ResourceManager initialization complete.
2020-04-06 14:20:20,389 - Loaded System Directive: org.apache.velocity.runtime.directive.Literal
2020-04-06 14:20:20,389 - Loaded System Directive: org.apache.velocity.runtime.directive.Macro
2020-04-06 14:20:20,404 - Loaded System Directive: org.apache.velocity.runtime.directive.Parse
2020-04-06 14:20:20,404 - Loaded System Directive: org.apache.velocity.runtime.directive.Include
2020-04-06 14:20:20,404 - Loaded System Directive: org.apache.velocity.runtime.directive.Foreach
2020-04-06 14:20:20,483 - Created: 20 parsers.
2020-04-06 14:20:20,498 - Velocimacro : initialization starting.
2020-04-06 14:20:20,514 - Velocimacro : adding VMs from VM library template : VM_global_library.vm
2020-04-06 14:20:20,514 - ResourceManager : unable to find resource 'VM_global_library.vm' in any resource loader.
2020-04-06 14:20:20,514 - Velocimacro : error using  VM library template VM_global_library.vm : org.apache.velocity.exception.ResourceNotFoundException: Unable to find resource 'VM_global_library.vm'
2020-04-06 14:20:20,514 - Velocimacro :  VM library template macro registration complete.
2020-04-06 14:20:20,514 - Velocimacro : allowInline = true : VMs can be defined inline in templates
2020-04-06 14:20:20,514 - Velocimacro : allowInlineToOverride = false : VMs defined inline may NOT replace previous VM definitions
2020-04-06 14:20:20,514 - Velocimacro : allowInlineLocal = false : VMs defined inline will be  global in scope if allowed.
2020-04-06 14:20:20,514 - Velocimacro : messages on  : VM system will output logging messages
2020-04-06 14:20:20,514 - Velocimacro : autoload off  : VM system will not automatically reload global library macros
2020-04-06 14:20:20,514 - Velocimacro : initialization complete.
2020-04-06 14:20:20,514 - Velocity successfully started.
2020-04-06 14:33:44,677 - SimpleLog4JLogSystem initialized using logfile 'velocity.log'
2020-04-06 14:33:44,679 - ************************************************************** 
2020-04-06 14:33:44,679 - Starting Jakarta Velocity v1.4
2020-04-06 14:33:44,679 - RuntimeInstance initializing.
2020-04-06 14:33:44,679 - Default Properties File: org\apache\velocity\runtime\defaults\velocity.properties
2020-04-06 14:33:44,679 - Trying to use logger class org.apache.velocity.runtime.log.SimpleLog4JLogSystem
2020-04-06 14:33:44,679 - Using logger class org.apache.velocity.runtime.log.SimpleLog4JLogSystem
2020-04-06 14:33:44,688 - Default ResourceManager initializing. (class org.apache.velocity.runtime.resource.ResourceManagerImpl)
2020-04-06 14:33:44,696 - Resource Loader Instantiated: org.apache.velocity.runtime.resource.loader.ClasspathResourceLoader
2020-04-06 14:33:44,696 - ClasspathResourceLoader : initialization starting.
2020-04-06 14:33:44,696 - ClasspathResourceLoader : initialization complete.
2020-04-06 14:33:44,701 - ResourceCache : initialized. (class org.apache.velocity.runtime.resource.ResourceCacheImpl)
2020-04-06 14:33:44,701 - Default ResourceManager initialization complete.
2020-04-06 14:33:44,707 - Loaded System Directive: org.apache.velocity.runtime.directive.Literal
2020-04-06 14:33:44,712 - Loaded System Directive: org.apache.velocity.runtime.directive.Macro
2020-04-06 14:33:44,720 - Loaded System Directive: org.apache.velocity.runtime.directive.Parse
2020-04-06 14:33:44,726 - Loaded System Directive: org.apache.velocity.runtime.directive.Include
2020-04-06 14:33:44,729 - Loaded System Directive: org.apache.velocity.runtime.directive.Foreach
2020-04-06 14:33:44,803 - Created: 20 parsers.
2020-04-06 14:33:44,826 - Velocimacro : initialization starting.
2020-04-06 14:33:44,826 - Velocimacro : adding VMs from VM library template : VM_global_library.vm
2020-04-06 14:33:44,835 - ResourceManager : unable to find resource 'VM_global_library.vm' in any resource loader.
2020-04-06 14:33:44,836 - Velocimacro : error using  VM library template VM_global_library.vm : org.apache.velocity.exception.ResourceNotFoundException: Unable to find resource 'VM_global_library.vm'
2020-04-06 14:33:44,836 - Velocimacro :  VM library template macro registration complete.
2020-04-06 14:33:44,836 - Velocimacro : allowInline = true : VMs can be defined inline in templates
2020-04-06 14:33:44,836 - Velocimacro : allowInlineToOverride = false : VMs defined inline may NOT replace previous VM definitions
2020-04-06 14:33:44,836 - Velocimacro : allowInlineLocal = false : VMs defined inline will be  global in scope if allowed.
2020-04-06 14:33:44,836 - Velocimacro : messages on  : VM system will output logging messages
2020-04-06 14:33:44,836 - Velocimacro : autoload off  : VM system will not automatically reload global library macros
2020-04-06 14:33:44,837 - Velocimacro : initialization complete.
2020-04-06 14:33:44,837 - Velocity successfully started.
2020-04-06 14:47:22,114 - SimpleLog4JLogSystem initialized using logfile 'velocity.log'
2020-04-06 14:47:22,114 - ************************************************************** 
2020-04-06 14:47:22,114 - Starting Jakarta Velocity v1.4
2020-04-06 14:47:22,114 - RuntimeInstance initializing.
2020-04-06 14:47:22,114 - Default Properties File: org\apache\velocity\runtime\defaults\velocity.properties
2020-04-06 14:47:22,114 - Trying to use logger class org.apache.velocity.runtime.log.SimpleLog4JLogSystem
2020-04-06 14:47:22,114 - Using logger class org.apache.velocity.runtime.log.SimpleLog4JLogSystem
2020-04-06 14:47:22,130 - Default ResourceManager initializing. (class org.apache.velocity.runtime.resource.ResourceManagerImpl)
2020-04-06 14:47:22,130 - Resource Loader Instantiated: org.apache.velocity.runtime.resource.loader.ClasspathResourceLoader
2020-04-06 14:47:22,130 - ClasspathResourceLoader : initialization starting.
2020-04-06 14:47:22,130 - ClasspathResourceLoader : initialization complete.
2020-04-06 14:47:22,145 - ResourceCache : initialized. (class org.apache.velocity.runtime.resource.ResourceCacheImpl)
2020-04-06 14:47:22,145 - Default ResourceManager initialization complete.
2020-04-06 14:47:22,145 - Loaded System Directive: org.apache.velocity.runtime.directive.Literal
2020-04-06 14:47:22,145 - Loaded System Directive: org.apache.velocity.runtime.directive.Macro
2020-04-06 14:47:22,161 - Loaded System Directive: org.apache.velocity.runtime.directive.Parse
2020-04-06 14:47:22,161 - Loaded System Directive: org.apache.velocity.runtime.directive.Include
2020-04-06 14:47:22,176 - Loaded System Directive: org.apache.velocity.runtime.directive.Foreach
2020-04-06 14:47:22,257 - Created: 20 parsers.
2020-04-06 14:47:22,273 - Velocimacro : initialization starting.
2020-04-06 14:47:22,273 - Velocimacro : adding VMs from VM library template : VM_global_library.vm
2020-04-06 14:47:22,273 - ResourceManager : unable to find resource 'VM_global_library.vm' in any resource loader.
2020-04-06 14:47:22,273 - Velocimacro : error using  VM library template VM_global_library.vm : org.apache.velocity.exception.ResourceNotFoundException: Unable to find resource 'VM_global_library.vm'
2020-04-06 14:47:22,273 - Velocimacro :  VM library template macro registration complete.
2020-04-06 14:47:22,273 - Velocimacro : allowInline = true : VMs can be defined inline in templates
2020-04-06 14:47:22,273 - Velocimacro : allowInlineToOverride = false : VMs defined inline may NOT replace previous VM definitions
2020-04-06 14:47:22,273 - Velocimacro : allowInlineLocal = false : VMs defined inline will be  global in scope if allowed.
2020-04-06 14:47:22,273 - Velocimacro : messages on  : VM system will output logging messages
2020-04-06 14:47:22,273 - Velocimacro : autoload off  : VM system will not automatically reload global library macros
2020-04-06 14:47:22,273 - Velocimacro : initialization complete.
2020-04-06 14:47:22,273 - Velocity successfully started.
2020-04-06 14:47:57,852 - ResourceManager : found repast/simphony/scenario/Scenario.vt with loader org.apache.velocity.runtime.resource.loader.ClasspathResourceLoader
2020-04-06 14:47:58,890 - ResourceManager : found repast/simphony/scenario/Scenario.vt with loader org.apache.velocity.runtime.resource.loader.ClasspathResourceLoader
2020-04-06 14:53:49,991 - SimpleLog4JLogSystem initialized using logfile 'velocity.log'
2020-04-06 14:53:49,993 - ************************************************************** 
2020-04-06 14:53:49,994 - Starting Jakarta Velocity v1.4
2020-04-06 14:53:49,994 - RuntimeInstance initializing.
2020-04-06 14:53:49,994 - Default Properties File: org\apache\velocity\runtime\defaults\velocity.properties
2020-04-06 14:53:49,994 - Trying to use logger class org.apache.velocity.runtime.log.SimpleLog4JLogSystem
2020-04-06 14:53:49,994 - Using logger class org.apache.velocity.runtime.log.SimpleLog4JLogSystem
2020-04-06 14:53:50,001 - SimpleLog4JLogSystem initialized using logfile 'velocity.log'
2020-04-06 14:53:50,004 - ************************************************************** 
2020-04-06 14:53:50,004 - Starting Jakarta Velocity v1.4
2020-04-06 14:53:50,005 - RuntimeInstance initializing.
2020-04-06 14:53:50,005 - Default Properties File: org\apache\velocity\runtime\defaults\velocity.properties
2020-04-06 14:53:50,005 - Trying to use logger class org.apache.velocity.runtime.log.SimpleLog4JLogSystem
2020-04-06 14:53:50,005 - Using logger class org.apache.velocity.runtime.log.SimpleLog4JLogSystem
2020-04-06 14:53:50,008 - Default ResourceManager initializing. (class org.apache.velocity.runtime.resource.ResourceManagerImpl)
2020-04-06 14:53:50,021 - Default ResourceManager initializing. (class org.apache.velocity.runtime.resource.ResourceManagerImpl)
2020-04-06 14:53:50,025 - Resource Loader Instantiated: org.apache.velocity.runtime.resource.loader.ClasspathResourceLoader
2020-04-06 14:53:50,026 - ClasspathResourceLoader : initialization starting.
2020-04-06 14:53:50,027 - ClasspathResourceLoader : initialization complete.
2020-04-06 14:53:50,030 - Resource Loader Instantiated: org.apache.velocity.runtime.resource.loader.ClasspathResourceLoader
2020-04-06 14:53:50,030 - ClasspathResourceLoader : initialization starting.
2020-04-06 14:53:50,031 - ClasspathResourceLoader : initialization complete.
2020-04-06 14:53:50,031 - ResourceCache : initialized. (class org.apache.velocity.runtime.resource.ResourceCacheImpl)
2020-04-06 14:53:50,032 - Default ResourceManager initialization complete.
2020-04-06 14:53:50,038 - ResourceCache : initialized. (class org.apache.velocity.runtime.resource.ResourceCacheImpl)
2020-04-06 14:53:50,039 - Default ResourceManager initialization complete.
2020-04-06 14:53:50,041 - Loaded System Directive: org.apache.velocity.runtime.directive.Literal
2020-04-06 14:53:50,046 - Loaded System Directive: org.apache.velocity.runtime.directive.Macro
2020-04-06 14:53:50,049 - Loaded System Directive: org.apache.velocity.runtime.directive.Literal
2020-04-06 14:53:50,053 - Loaded System Directive: org.apache.velocity.runtime.directive.Macro
2020-04-06 14:53:50,054 - Loaded System Directive: org.apache.velocity.runtime.directive.Parse
2020-04-06 14:53:50,058 - Loaded System Directive: org.apache.velocity.runtime.directive.Include
2020-04-06 14:53:50,060 - Loaded System Directive: org.apache.velocity.runtime.directive.Parse
2020-04-06 14:53:50,061 - Loaded System Directive: org.apache.velocity.runtime.directive.Foreach
2020-04-06 14:53:50,067 - Loaded System Directive: org.apache.velocity.runtime.directive.Include
2020-04-06 14:53:50,069 - Loaded System Directive: org.apache.velocity.runtime.directive.Foreach
2020-04-06 14:53:50,162 - Created: 20 parsers.
2020-04-06 14:53:50,171 - Created: 20 parsers.
2020-04-06 14:53:50,196 - Velocimacro : initialization starting.
2020-04-06 14:53:50,197 - Velocimacro : adding VMs from VM library template : VM_global_library.vm
2020-04-06 14:53:50,199 - Velocimacro : initialization starting.
2020-04-06 14:53:50,200 - Velocimacro : adding VMs from VM library template : VM_global_library.vm
2020-04-06 14:53:50,210 - ResourceManager : unable to find resource 'VM_global_library.vm' in any resource loader.
2020-04-06 14:53:50,211 - Velocimacro : error using  VM library template VM_global_library.vm : org.apache.velocity.exception.ResourceNotFoundException: Unable to find resource 'VM_global_library.vm'
2020-04-06 14:53:50,211 - Velocimacro :  VM library template macro registration complete.
2020-04-06 14:53:50,211 - Velocimacro : allowInline = true : VMs can be defined inline in templates
2020-04-06 14:53:50,212 - Velocimacro : allowInlineToOverride = false : VMs defined inline may NOT replace previous VM definitions
2020-04-06 14:53:50,212 - Velocimacro : allowInlineLocal = false : VMs defined inline will be  global in scope if allowed.
2020-04-06 14:53:50,212 - Velocimacro : messages on  : VM system will output logging messages
2020-04-06 14:53:50,212 - Velocimacro : autoload off  : VM system will not automatically reload global library macros
2020-04-06 14:53:50,212 - Velocimacro : initialization complete.
2020-04-06 14:53:50,212 - Velocity successfully started.
2020-04-06 14:53:50,220 - ResourceManager : unable to find resource 'VM_global_library.vm' in any resource loader.
2020-04-06 14:53:50,220 - Velocimacro : error using  VM library template VM_global_library.vm : org.apache.velocity.exception.ResourceNotFoundException: Unable to find resource 'VM_global_library.vm'
2020-04-06 14:53:50,220 - Velocimacro :  VM library template macro registration complete.
2020-04-06 14:53:50,220 - Velocimacro : allowInline = true : VMs can be defined inline in templates
2020-04-06 14:53:50,220 - Velocimacro : allowInlineToOverride = false : VMs defined inline may NOT replace previous VM definitions
2020-04-06 14:53:50,220 - Velocimacro : allowInlineLocal = false : VMs defined inline will be  global in scope if allowed.
2020-04-06 14:53:50,220 - Velocimacro : messages on  : VM system will output logging messages
2020-04-06 14:53:50,220 - Velocimacro : autoload off  : VM system will not automatically reload global library macros
2020-04-06 14:53:50,221 - Velocimacro : initialization complete.
2020-04-06 14:53:50,221 - Velocity successfully started.
2020-04-06 14:55:00,807 - SimpleLog4JLogSystem initialized using logfile 'velocity.log'
2020-04-06 14:55:00,808 - ************************************************************** 
2020-04-06 14:55:00,808 - Starting Jakarta Velocity v1.4
2020-04-06 14:55:00,808 - RuntimeInstance initializing.
2020-04-06 14:55:00,808 - Default Properties File: org\apache\velocity\runtime\defaults\velocity.properties
2020-04-06 14:55:00,808 - Trying to use logger class org.apache.velocity.runtime.log.SimpleLog4JLogSystem
2020-04-06 14:55:00,809 - Using logger class org.apache.velocity.runtime.log.SimpleLog4JLogSystem
2020-04-06 14:55:00,816 - Default ResourceManager initializing. (class org.apache.velocity.runtime.resource.ResourceManagerImpl)
2020-04-06 14:55:00,826 - Resource Loader Instantiated: org.apache.velocity.runtime.resource.loader.ClasspathResourceLoader
2020-04-06 14:55:00,826 - ClasspathResourceLoader : initialization starting.
2020-04-06 14:55:00,827 - ClasspathResourceLoader : initialization complete.
2020-04-06 14:55:00,832 - ResourceCache : initialized. (class org.apache.velocity.runtime.resource.ResourceCacheImpl)
2020-04-06 14:55:00,832 - Default ResourceManager initialization complete.
2020-04-06 14:55:00,845 - Loaded System Directive: org.apache.velocity.runtime.directive.Literal
2020-04-06 14:55:00,852 - Loaded System Directive: org.apache.velocity.runtime.directive.Macro
2020-04-06 14:55:00,861 - Loaded System Directive: org.apache.velocity.runtime.directive.Parse
2020-04-06 14:55:00,869 - Loaded System Directive: org.apache.velocity.runtime.directive.Include
2020-04-06 14:55:00,915 - Loaded System Directive: org.apache.velocity.runtime.directive.Foreach
2020-04-06 14:55:01,076 - Created: 20 parsers.
2020-04-06 14:55:01,150 - Velocimacro : initialization starting.
2020-04-06 14:55:01,151 - Velocimacro : adding VMs from VM library template : VM_global_library.vm
2020-04-06 14:55:01,201 - ResourceManager : unable to find resource 'VM_global_library.vm' in any resource loader.
2020-04-06 14:55:01,202 - Velocimacro : error using  VM library template VM_global_library.vm : org.apache.velocity.exception.ResourceNotFoundException: Unable to find resource 'VM_global_library.vm'
2020-04-06 14:55:01,202 - Velocimacro :  VM library template macro registration complete.
2020-04-06 14:55:01,202 - Velocimacro : allowInline = true : VMs can be defined inline in templates
2020-04-06 14:55:01,202 - Velocimacro : allowInlineToOverride = false : VMs defined inline may NOT replace previous VM definitions
2020-04-06 14:55:01,203 - Velocimacro : allowInlineLocal = false : VMs defined inline will be  global in scope if allowed.
2020-04-06 14:55:01,203 - Velocimacro : messages on  : VM system will output logging messages
2020-04-06 14:55:01,208 - Velocimacro : autoload off  : VM system will not automatically reload global library macros
2020-04-06 14:55:01,209 - Velocimacro : initialization complete.
2020-04-06 14:55:01,209 - Velocity successfully started.
2020-04-06 14:56:03,452 - SimpleLog4JLogSystem initialized using logfile 'velocity.log'
2020-04-06 14:56:03,454 - ************************************************************** 
2020-04-06 14:56:03,454 - Starting Jakarta Velocity v1.4
2020-04-06 14:56:03,454 - RuntimeInstance initializing.
2020-04-06 14:56:03,455 - Default Properties File: org\apache\velocity\runtime\defaults\velocity.properties
2020-04-06 14:56:03,456 - Trying to use logger class org.apache.velocity.runtime.log.SimpleLog4JLogSystem
2020-04-06 14:56:03,457 - Using logger class org.apache.velocity.runtime.log.SimpleLog4JLogSystem
2020-04-06 14:56:03,468 - Default ResourceManager initializing. (class org.apache.velocity.runtime.resource.ResourceManagerImpl)
2020-04-06 14:56:03,477 - Resource Loader Instantiated: org.apache.velocity.runtime.resource.loader.ClasspathResourceLoader
2020-04-06 14:56:03,477 - ClasspathResourceLoader : initialization starting.
2020-04-06 14:56:03,477 - ClasspathResourceLoader : initialization complete.
2020-04-06 14:56:03,483 - ResourceCache : initialized. (class org.apache.velocity.runtime.resource.ResourceCacheImpl)
2020-04-06 14:56:03,483 - Default ResourceManager initialization complete.
2020-04-06 14:56:03,490 - Loaded System Directive: org.apache.velocity.runtime.directive.Literal
2020-04-06 14:56:03,500 - Loaded System Directive: org.apache.velocity.runtime.directive.Macro
2020-04-06 14:56:03,510 - Loaded System Directive: org.apache.velocity.runtime.directive.Parse
2020-04-06 14:56:03,521 - Loaded System Directive: org.apache.velocity.runtime.directive.Include
2020-04-06 14:56:03,525 - Loaded System Directive: org.apache.velocity.runtime.directive.Foreach
2020-04-06 14:56:03,678 - Created: 20 parsers.
2020-04-06 14:56:03,718 - Velocimacro : initialization starting.
2020-04-06 14:56:03,719 - Velocimacro : adding VMs from VM library template : VM_global_library.vm
2020-04-06 14:56:03,737 - ResourceManager : unable to find resource 'VM_global_library.vm' in any resource loader.
2020-04-06 14:56:03,737 - Velocimacro : error using  VM library template VM_global_library.vm : org.apache.velocity.exception.ResourceNotFoundException: Unable to find resource 'VM_global_library.vm'
2020-04-06 14:56:03,737 - Velocimacro :  VM library template macro registration complete.
2020-04-06 14:56:03,738 - Velocimacro : allowInline = true : VMs can be defined inline in templates
2020-04-06 14:56:03,738 - Velocimacro : allowInlineToOverride = false : VMs defined inline may NOT replace previous VM definitions
2020-04-06 14:56:03,738 - Velocimacro : allowInlineLocal = false : VMs defined inline will be  global in scope if allowed.
2020-04-06 14:56:03,738 - Velocimacro : messages on  : VM system will output logging messages
2020-04-06 14:56:03,738 - Velocimacro : autoload off  : VM system will not automatically reload global library macros
2020-04-06 14:56:03,739 - Velocimacro : initialization complete.
2020-04-06 14:56:03,739 - Velocity successfully started.
2020-04-06 14:59:24,620 - SimpleLog4JLogSystem initialized using logfile 'velocity.log'
2020-04-06 14:59:24,621 - ************************************************************** 
2020-04-06 14:59:24,621 - Starting Jakarta Velocity v1.4
2020-04-06 14:59:24,621 - RuntimeInstance initializing.
2020-04-06 14:59:24,622 - Default Properties File: org\apache\velocity\runtime\defaults\velocity.properties
2020-04-06 14:59:24,622 - Trying to use logger class org.apache.velocity.runtime.log.SimpleLog4JLogSystem
2020-04-06 14:59:24,622 - Using logger class org.apache.velocity.runtime.log.SimpleLog4JLogSystem
2020-04-06 14:59:24,629 - Default ResourceManager initializing. (class org.apache.velocity.runtime.resource.ResourceManagerImpl)
2020-04-06 14:59:24,638 - Resource Loader Instantiated: org.apache.velocity.runtime.resource.loader.ClasspathResourceLoader
2020-04-06 14:59:24,638 - ClasspathResourceLoader : initialization starting.
2020-04-06 14:59:24,639 - ClasspathResourceLoader : initialization complete.
2020-04-06 14:59:24,644 - ResourceCache : initialized. (class org.apache.velocity.runtime.resource.ResourceCacheImpl)
2020-04-06 14:59:24,644 - Default ResourceManager initialization complete.
2020-04-06 14:59:24,649 - Loaded System Directive: org.apache.velocity.runtime.directive.Literal
2020-04-06 14:59:24,653 - Loaded System Directive: org.apache.velocity.runtime.directive.Macro
2020-04-06 14:59:24,660 - Loaded System Directive: org.apache.velocity.runtime.directive.Parse
2020-04-06 14:59:24,666 - Loaded System Directive: org.apache.velocity.runtime.directive.Include
2020-04-06 14:59:24,669 - Loaded System Directive: org.apache.velocity.runtime.directive.Foreach
2020-04-06 14:59:24,758 - Created: 20 parsers.
2020-04-06 14:59:24,778 - Velocimacro : initialization starting.
2020-04-06 14:59:24,778 - Velocimacro : adding VMs from VM library template : VM_global_library.vm
2020-04-06 14:59:24,791 - ResourceManager : unable to find resource 'VM_global_library.vm' in any resource loader.
2020-04-06 14:59:24,791 - Velocimacro : error using  VM library template VM_global_library.vm : org.apache.velocity.exception.ResourceNotFoundException: Unable to find resource 'VM_global_library.vm'
2020-04-06 14:59:24,792 - Velocimacro :  VM library template macro registration complete.
2020-04-06 14:59:24,792 - Velocimacro : allowInline = true : VMs can be defined inline in templates
2020-04-06 14:59:24,792 - Velocimacro : allowInlineToOverride = false : VMs defined inline may NOT replace previous VM definitions
2020-04-06 14:59:24,792 - Velocimacro : allowInlineLocal = false : VMs defined inline will be  global in scope if allowed.
2020-04-06 14:59:24,792 - Velocimacro : messages on  : VM system will output logging messages
2020-04-06 14:59:24,795 - Velocimacro : autoload off  : VM system will not automatically reload global library macros
2020-04-06 14:59:24,796 - Velocimacro : initialization complete.
2020-04-06 14:59:24,796 - Velocity successfully started.
2020-04-06 15:03:56,911 - SimpleLog4JLogSystem initialized using logfile 'velocity.log'
2020-04-06 15:03:56,912 - ************************************************************** 
2020-04-06 15:03:56,913 - Starting Jakarta Velocity v1.4
2020-04-06 15:03:56,913 - RuntimeInstance initializing.
2020-04-06 15:03:56,913 - Default Properties File: org\apache\velocity\runtime\defaults\velocity.properties
2020-04-06 15:03:56,913 - Trying to use logger class org.apache.velocity.runtime.log.SimpleLog4JLogSystem
2020-04-06 15:03:56,913 - Using logger class org.apache.velocity.runtime.log.SimpleLog4JLogSystem
2020-04-06 15:03:56,931 - Default ResourceManager initializing. (class org.apache.velocity.runtime.resource.ResourceManagerImpl)
2020-04-06 15:03:56,947 - Resource Loader Instantiated: org.apache.velocity.runtime.resource.loader.ClasspathResourceLoader
2020-04-06 15:03:56,949 - ClasspathResourceLoader : initialization starting.
2020-04-06 15:03:56,949 - ClasspathResourceLoader : initialization complete.
2020-04-06 15:03:56,955 - ResourceCache : initialized. (class org.apache.velocity.runtime.resource.ResourceCacheImpl)
2020-04-06 15:03:56,955 - Default ResourceManager initialization complete.
2020-04-06 15:03:56,966 - Loaded System Directive: org.apache.velocity.runtime.directive.Literal
2020-04-06 15:03:56,973 - Loaded System Directive: org.apache.velocity.runtime.directive.Macro
2020-04-06 15:03:56,984 - Loaded System Directive: org.apache.velocity.runtime.directive.Parse
2020-04-06 15:03:56,994 - Loaded System Directive: org.apache.velocity.runtime.directive.Include
2020-04-06 15:03:56,997 - Loaded System Directive: org.apache.velocity.runtime.directive.Foreach
2020-04-06 15:03:57,113 - Created: 20 parsers.
2020-04-06 15:03:57,151 - Velocimacro : initialization starting.
2020-04-06 15:03:57,152 - Velocimacro : adding VMs from VM library template : VM_global_library.vm
2020-04-06 15:03:57,168 - ResourceManager : unable to find resource 'VM_global_library.vm' in any resource loader.
2020-04-06 15:03:57,169 - Velocimacro : error using  VM library template VM_global_library.vm : org.apache.velocity.exception.ResourceNotFoundException: Unable to find resource 'VM_global_library.vm'
2020-04-06 15:03:57,169 - Velocimacro :  VM library template macro registration complete.
2020-04-06 15:03:57,170 - Velocimacro : allowInline = true : VMs can be defined inline in templates
2020-04-06 15:03:57,170 - Velocimacro : allowInlineToOverride = false : VMs defined inline may NOT replace previous VM definitions
2020-04-06 15:03:57,170 - Velocimacro : allowInlineLocal = false : VMs defined inline will be  global in scope if allowed.
2020-04-06 15:03:57,179 - Velocimacro : messages on  : VM system will output logging messages
2020-04-06 15:03:57,180 - Velocimacro : autoload off  : VM system will not automatically reload global library macros
2020-04-06 15:03:57,180 - Velocimacro : initialization complete.
2020-04-06 15:03:57,181 - Velocity successfully started.
2020-04-06 15:07:55,659 - SimpleLog4JLogSystem initialized using logfile 'velocity.log'
2020-04-06 15:07:55,660 - ************************************************************** 
2020-04-06 15:07:55,660 - Starting Jakarta Velocity v1.4
2020-04-06 15:07:55,661 - RuntimeInstance initializing.
2020-04-06 15:07:55,661 - Default Properties File: org\apache\velocity\runtime\defaults\velocity.properties
2020-04-06 15:07:55,661 - Trying to use logger class org.apache.velocity.runtime.log.SimpleLog4JLogSystem
2020-04-06 15:07:55,661 - Using logger class org.apache.velocity.runtime.log.SimpleLog4JLogSystem
2020-04-06 15:07:55,670 - Default ResourceManager initializing. (class org.apache.velocity.runtime.resource.ResourceManagerImpl)
2020-04-06 15:07:55,678 - Resource Loader Instantiated: org.apache.velocity.runtime.resource.loader.ClasspathResourceLoader
2020-04-06 15:07:55,679 - ClasspathResourceLoader : initialization starting.
2020-04-06 15:07:55,679 - ClasspathResourceLoader : initialization complete.
2020-04-06 15:07:55,682 - ResourceCache : initialized. (class org.apache.velocity.runtime.resource.ResourceCacheImpl)
2020-04-06 15:07:55,683 - Default ResourceManager initialization complete.
2020-04-06 15:07:55,687 - Loaded System Directive: org.apache.velocity.runtime.directive.Literal
2020-04-06 15:07:55,691 - Loaded System Directive: org.apache.velocity.runtime.directive.Macro
2020-04-06 15:07:55,700 - Loaded System Directive: org.apache.velocity.runtime.directive.Parse
2020-04-06 15:07:55,705 - Loaded System Directive: org.apache.velocity.runtime.directive.Include
2020-04-06 15:07:55,710 - Loaded System Directive: org.apache.velocity.runtime.directive.Foreach
2020-04-06 15:07:55,834 - Created: 20 parsers.
2020-04-06 15:07:55,863 - Velocimacro : initialization starting.
2020-04-06 15:07:55,864 - Velocimacro : adding VMs from VM library template : VM_global_library.vm
2020-04-06 15:07:55,874 - ResourceManager : unable to find resource 'VM_global_library.vm' in any resource loader.
2020-04-06 15:07:55,875 - Velocimacro : error using  VM library template VM_global_library.vm : org.apache.velocity.exception.ResourceNotFoundException: Unable to find resource 'VM_global_library.vm'
2020-04-06 15:07:55,875 - Velocimacro :  VM library template macro registration complete.
2020-04-06 15:07:55,875 - Velocimacro : allowInline = true : VMs can be defined inline in templates
2020-04-06 15:07:55,875 - Velocimacro : allowInlineToOverride = false : VMs defined inline may NOT replace previous VM definitions
2020-04-06 15:07:55,876 - Velocimacro : allowInlineLocal = false : VMs defined inline will be  global in scope if allowed.
2020-04-06 15:07:55,876 - Velocimacro : messages on  : VM system will output logging messages
2020-04-06 15:07:55,876 - Velocimacro : autoload off  : VM system will not automatically reload global library macros
2020-04-06 15:07:55,876 - Velocimacro : initialization complete.
2020-04-06 15:07:55,877 - Velocity successfully started.
2020-04-06 15:09:19,350 - SimpleLog4JLogSystem initialized using logfile 'velocity.log'
2020-04-06 15:09:19,353 - ************************************************************** 
2020-04-06 15:09:19,353 - Starting Jakarta Velocity v1.4
2020-04-06 15:09:19,353 - RuntimeInstance initializing.
2020-04-06 15:09:19,356 - Default Properties File: org\apache\velocity\runtime\defaults\velocity.properties
2020-04-06 15:09:19,358 - Trying to use logger class org.apache.velocity.runtime.log.SimpleLog4JLogSystem
2020-04-06 15:09:19,358 - Using logger class org.apache.velocity.runtime.log.SimpleLog4JLogSystem
2020-04-06 15:09:19,371 - Default ResourceManager initializing. (class org.apache.velocity.runtime.resource.ResourceManagerImpl)
2020-04-06 15:09:19,390 - Resource Loader Instantiated: org.apache.velocity.runtime.resource.loader.ClasspathResourceLoader
2020-04-06 15:09:19,390 - ClasspathResourceLoader : initialization starting.
2020-04-06 15:09:19,390 - ClasspathResourceLoader : initialization complete.
2020-04-06 15:09:19,403 - ResourceCache : initialized. (class org.apache.velocity.runtime.resource.ResourceCacheImpl)
2020-04-06 15:09:19,404 - Default ResourceManager initialization complete.
2020-04-06 15:09:19,417 - Loaded System Directive: org.apache.velocity.runtime.directive.Literal
2020-04-06 15:09:19,423 - Loaded System Directive: org.apache.velocity.runtime.directive.Macro
2020-04-06 15:09:19,434 - Loaded System Directive: org.apache.velocity.runtime.directive.Parse
2020-04-06 15:09:19,446 - Loaded System Directive: org.apache.velocity.runtime.directive.Include
2020-04-06 15:09:19,454 - Loaded System Directive: org.apache.velocity.runtime.directive.Foreach
2020-04-06 15:09:19,635 - Created: 20 parsers.
2020-04-06 15:09:19,666 - Velocimacro : initialization starting.
2020-04-06 15:09:19,666 - Velocimacro : adding VMs from VM library template : VM_global_library.vm
2020-04-06 15:09:19,692 - ResourceManager : unable to find resource 'VM_global_library.vm' in any resource loader.
2020-04-06 15:09:19,695 - Velocimacro : error using  VM library template VM_global_library.vm : org.apache.velocity.exception.ResourceNotFoundException: Unable to find resource 'VM_global_library.vm'
2020-04-06 15:09:19,696 - Velocimacro :  VM library template macro registration complete.
2020-04-06 15:09:19,697 - Velocimacro : allowInline = true : VMs can be defined inline in templates
2020-04-06 15:09:19,698 - Velocimacro : allowInlineToOverride = false : VMs defined inline may NOT replace previous VM definitions
2020-04-06 15:09:19,699 - Velocimacro : allowInlineLocal = false : VMs defined inline will be  global in scope if allowed.
2020-04-06 15:09:19,699 - Velocimacro : messages on  : VM system will output logging messages
2020-04-06 15:09:19,699 - Velocimacro : autoload off  : VM system will not automatically reload global library macros
2020-04-06 15:09:19,700 - Velocimacro : initialization complete.
2020-04-06 15:09:19,700 - Velocity successfully started.
2020-04-06 15:25:57,909 - SimpleLog4JLogSystem initialized using logfile 'velocity.log'
2020-04-06 15:25:57,911 - ************************************************************** 
2020-04-06 15:25:57,911 - Starting Jakarta Velocity v1.4
2020-04-06 15:25:57,913 - RuntimeInstance initializing.
2020-04-06 15:25:57,914 - Default Properties File: org\apache\velocity\runtime\defaults\velocity.properties
2020-04-06 15:25:57,915 - Trying to use logger class org.apache.velocity.runtime.log.SimpleLog4JLogSystem
2020-04-06 15:25:57,915 - Using logger class org.apache.velocity.runtime.log.SimpleLog4JLogSystem
2020-04-06 15:25:57,928 - Default ResourceManager initializing. (class org.apache.velocity.runtime.resource.ResourceManagerImpl)
2020-04-06 15:25:57,940 - Resource Loader Instantiated: org.apache.velocity.runtime.resource.loader.ClasspathResourceLoader
2020-04-06 15:25:57,941 - ClasspathResourceLoader : initialization starting.
2020-04-06 15:25:57,941 - ClasspathResourceLoader : initialization complete.
2020-04-06 15:25:57,952 - ResourceCache : initialized. (class org.apache.velocity.runtime.resource.ResourceCacheImpl)
2020-04-06 15:25:57,952 - Default ResourceManager initialization complete.
2020-04-06 15:25:57,960 - Loaded System Directive: org.apache.velocity.runtime.directive.Literal
2020-04-06 15:25:57,972 - Loaded System Directive: org.apache.velocity.runtime.directive.Macro
2020-04-06 15:25:57,984 - Loaded System Directive: org.apache.velocity.runtime.directive.Parse
2020-04-06 15:25:57,992 - Loaded System Directive: org.apache.velocity.runtime.directive.Include
2020-04-06 15:25:57,999 - Loaded System Directive: org.apache.velocity.runtime.directive.Foreach
2020-04-06 15:25:58,177 - Created: 20 parsers.
2020-04-06 15:25:58,206 - Velocimacro : initialization starting.
2020-04-06 15:25:58,206 - Velocimacro : adding VMs from VM library template : VM_global_library.vm
2020-04-06 15:25:58,236 - ResourceManager : unable to find resource 'VM_global_library.vm' in any resource loader.
2020-04-06 15:25:58,236 - Velocimacro : error using  VM library template VM_global_library.vm : org.apache.velocity.exception.ResourceNotFoundException: Unable to find resource 'VM_global_library.vm'
2020-04-06 15:25:58,236 - Velocimacro :  VM library template macro registration complete.
2020-04-06 15:25:58,237 - Velocimacro : allowInline = true : VMs can be defined inline in templates
2020-04-06 15:25:58,238 - Velocimacro : allowInlineToOverride = false : VMs defined inline may NOT replace previous VM definitions
2020-04-06 15:25:58,238 - Velocimacro : allowInlineLocal = false : VMs defined inline will be  global in scope if allowed.
2020-04-06 15:25:58,239 - Velocimacro : messages on  : VM system will output logging messages
2020-04-06 15:25:58,239 - Velocimacro : autoload off  : VM system will not automatically reload global library macros
2020-04-06 15:25:58,239 - Velocimacro : initialization complete.
2020-04-06 15:25:58,239 - Velocity successfully started.
2020-04-06 15:28:35,523 - SimpleLog4JLogSystem initialized using logfile 'velocity.log'
2020-04-06 15:28:35,525 - ************************************************************** 
2020-04-06 15:28:35,525 - Starting Jakarta Velocity v1.4
2020-04-06 15:28:35,525 - RuntimeInstance initializing.
2020-04-06 15:28:35,525 - Default Properties File: org\apache\velocity\runtime\defaults\velocity.properties
2020-04-06 15:28:35,526 - Trying to use logger class org.apache.velocity.runtime.log.SimpleLog4JLogSystem
2020-04-06 15:28:35,526 - Using logger class org.apache.velocity.runtime.log.SimpleLog4JLogSystem
2020-04-06 15:28:35,533 - Default ResourceManager initializing. (class org.apache.velocity.runtime.resource.ResourceManagerImpl)
2020-04-06 15:28:35,541 - Resource Loader Instantiated: org.apache.velocity.runtime.resource.loader.ClasspathResourceLoader
2020-04-06 15:28:35,542 - ClasspathResourceLoader : initialization starting.
2020-04-06 15:28:35,542 - ClasspathResourceLoader : initialization complete.
2020-04-06 15:28:35,546 - ResourceCache : initialized. (class org.apache.velocity.runtime.resource.ResourceCacheImpl)
2020-04-06 15:28:35,546 - Default ResourceManager initialization complete.
2020-04-06 15:28:35,552 - Loaded System Directive: org.apache.velocity.runtime.directive.Literal
2020-04-06 15:28:35,559 - Loaded System Directive: org.apache.velocity.runtime.directive.Macro
2020-04-06 15:28:35,565 - Loaded System Directive: org.apache.velocity.runtime.directive.Parse
2020-04-06 15:28:35,575 - Loaded System Directive: org.apache.velocity.runtime.directive.Include
2020-04-06 15:28:35,578 - Loaded System Directive: org.apache.velocity.runtime.directive.Foreach
2020-04-06 15:28:35,689 - Created: 20 parsers.
2020-04-06 15:28:35,712 - Velocimacro : initialization starting.
2020-04-06 15:28:35,712 - Velocimacro : adding VMs from VM library template : VM_global_library.vm
2020-04-06 15:28:35,725 - ResourceManager : unable to find resource 'VM_global_library.vm' in any resource loader.
2020-04-06 15:28:35,725 - Velocimacro : error using  VM library template VM_global_library.vm : org.apache.velocity.exception.ResourceNotFoundException: Unable to find resource 'VM_global_library.vm'
2020-04-06 15:28:35,725 - Velocimacro :  VM library template macro registration complete.
2020-04-06 15:28:35,728 - Velocimacro : allowInline = true : VMs can be defined inline in templates
2020-04-06 15:28:35,729 - Velocimacro : allowInlineToOverride = false : VMs defined inline may NOT replace previous VM definitions
2020-04-06 15:28:35,729 - Velocimacro : allowInlineLocal = false : VMs defined inline will be  global in scope if allowed.
2020-04-06 15:28:35,729 - Velocimacro : messages on  : VM system will output logging messages
2020-04-06 15:28:35,729 - Velocimacro : autoload off  : VM system will not automatically reload global library macros
2020-04-06 15:28:35,729 - Velocimacro : initialization complete.
2020-04-06 15:28:35,729 - Velocity successfully started.
2020-04-06 15:35:00,855 - SimpleLog4JLogSystem initialized using logfile 'velocity.log'
2020-04-06 15:35:00,858 - ************************************************************** 
2020-04-06 15:35:00,858 - Starting Jakarta Velocity v1.4
2020-04-06 15:35:00,858 - RuntimeInstance initializing.
2020-04-06 15:35:00,859 - Default Properties File: org\apache\velocity\runtime\defaults\velocity.properties
2020-04-06 15:35:00,859 - Trying to use logger class org.apache.velocity.runtime.log.SimpleLog4JLogSystem
2020-04-06 15:35:00,859 - Using logger class org.apache.velocity.runtime.log.SimpleLog4JLogSystem
2020-04-06 15:35:00,872 - Default ResourceManager initializing. (class org.apache.velocity.runtime.resource.ResourceManagerImpl)
2020-04-06 15:35:00,884 - Resource Loader Instantiated: org.apache.velocity.runtime.resource.loader.ClasspathResourceLoader
2020-04-06 15:35:00,885 - ClasspathResourceLoader : initialization starting.
2020-04-06 15:35:00,885 - ClasspathResourceLoader : initialization complete.
2020-04-06 15:35:00,892 - ResourceCache : initialized. (class org.apache.velocity.runtime.resource.ResourceCacheImpl)
2020-04-06 15:35:00,892 - Default ResourceManager initialization complete.
2020-04-06 15:35:00,905 - Loaded System Directive: org.apache.velocity.runtime.directive.Literal
2020-04-06 15:35:00,916 - Loaded System Directive: org.apache.velocity.runtime.directive.Macro
2020-04-06 15:35:00,930 - Loaded System Directive: org.apache.velocity.runtime.directive.Parse
2020-04-06 15:35:00,943 - Loaded System Directive: org.apache.velocity.runtime.directive.Include
2020-04-06 15:35:00,947 - Loaded System Directive: org.apache.velocity.runtime.directive.Foreach
2020-04-06 15:35:01,091 - Created: 20 parsers.
2020-04-06 15:35:01,162 - Velocimacro : initialization starting.
2020-04-06 15:35:01,168 - Velocimacro : adding VMs from VM library template : VM_global_library.vm
2020-04-06 15:35:01,214 - ResourceManager : unable to find resource 'VM_global_library.vm' in any resource loader.
2020-04-06 15:35:01,216 - Velocimacro : error using  VM library template VM_global_library.vm : org.apache.velocity.exception.ResourceNotFoundException: Unable to find resource 'VM_global_library.vm'
2020-04-06 15:35:01,216 - Velocimacro :  VM library template macro registration complete.
2020-04-06 15:35:01,216 - Velocimacro : allowInline = true : VMs can be defined inline in templates
2020-04-06 15:35:01,219 - Velocimacro : allowInlineToOverride = false : VMs defined inline may NOT replace previous VM definitions
2020-04-06 15:35:01,219 - Velocimacro : allowInlineLocal = false : VMs defined inline will be  global in scope if allowed.
2020-04-06 15:35:01,219 - Velocimacro : messages on  : VM system will output logging messages
2020-04-06 15:35:01,220 - Velocimacro : autoload off  : VM system will not automatically reload global library macros
2020-04-06 15:35:01,220 - Velocimacro : initialization complete.
2020-04-06 15:35:01,220 - Velocity successfully started.
2020-04-06 15:36:31,179 - ResourceManager : found repast/simphony/scenario/Scenario.vt with loader org.apache.velocity.runtime.resource.loader.ClasspathResourceLoader
2020-04-06 15:36:33,888 - ResourceManager : found repast/simphony/scenario/Scenario.vt with loader org.apache.velocity.runtime.resource.loader.ClasspathResourceLoader
2020-04-06 15:40:19,880 - SimpleLog4JLogSystem initialized using logfile 'velocity.log'
2020-04-06 15:40:19,881 - ************************************************************** 
2020-04-06 15:40:19,881 - Starting Jakarta Velocity v1.4
2020-04-06 15:40:19,881 - RuntimeInstance initializing.
2020-04-06 15:40:19,881 - Default Properties File: org\apache\velocity\runtime\defaults\velocity.properties
2020-04-06 15:40:19,881 - Trying to use logger class org.apache.velocity.runtime.log.SimpleLog4JLogSystem
2020-04-06 15:40:19,881 - Using logger class org.apache.velocity.runtime.log.SimpleLog4JLogSystem
2020-04-06 15:40:19,894 - Default ResourceManager initializing. (class org.apache.velocity.runtime.resource.ResourceManagerImpl)
2020-04-06 15:40:19,915 - Resource Loader Instantiated: org.apache.velocity.runtime.resource.loader.ClasspathResourceLoader
2020-04-06 15:40:19,916 - ClasspathResourceLoader : initialization starting.
2020-04-06 15:40:19,916 - ClasspathResourceLoader : initialization complete.
2020-04-06 15:40:19,930 - ResourceCache : initialized. (class org.apache.velocity.runtime.resource.ResourceCacheImpl)
2020-04-06 15:40:19,930 - Default ResourceManager initialization complete.
2020-04-06 15:40:19,934 - Loaded System Directive: org.apache.velocity.runtime.directive.Literal
2020-04-06 15:40:19,943 - Loaded System Directive: org.apache.velocity.runtime.directive.Macro
2020-04-06 15:40:19,950 - Loaded System Directive: org.apache.velocity.runtime.directive.Parse
2020-04-06 15:40:19,957 - Loaded System Directive: org.apache.velocity.runtime.directive.Include
2020-04-06 15:40:19,961 - Loaded System Directive: org.apache.velocity.runtime.directive.Foreach
2020-04-06 15:40:20,061 - Created: 20 parsers.
2020-04-06 15:40:20,082 - Velocimacro : initialization starting.
2020-04-06 15:40:20,082 - Velocimacro : adding VMs from VM library template : VM_global_library.vm
2020-04-06 15:40:20,111 - ResourceManager : unable to find resource 'VM_global_library.vm' in any resource loader.
2020-04-06 15:40:20,112 - Velocimacro : error using  VM library template VM_global_library.vm : org.apache.velocity.exception.ResourceNotFoundException: Unable to find resource 'VM_global_library.vm'
2020-04-06 15:40:20,112 - Velocimacro :  VM library template macro registration complete.
2020-04-06 15:40:20,112 - Velocimacro : allowInline = true : VMs can be defined inline in templates
2020-04-06 15:40:20,112 - Velocimacro : allowInlineToOverride = false : VMs defined inline may NOT replace previous VM definitions
2020-04-06 15:40:20,112 - Velocimacro : allowInlineLocal = false : VMs defined inline will be  global in scope if allowed.
2020-04-06 15:40:20,113 - Velocimacro : messages on  : VM system will output logging messages
2020-04-06 15:40:20,114 - Velocimacro : autoload off  : VM system will not automatically reload global library macros
2020-04-06 15:40:20,114 - Velocimacro : initialization complete.
2020-04-06 15:40:20,114 - Velocity successfully started.
2020-04-06 15:46:21,974 - SimpleLog4JLogSystem initialized using logfile 'velocity.log'
2020-04-06 15:46:21,975 - ************************************************************** 
2020-04-06 15:46:21,976 - Starting Jakarta Velocity v1.4
2020-04-06 15:46:21,976 - RuntimeInstance initializing.
2020-04-06 15:46:21,977 - Default Properties File: org\apache\velocity\runtime\defaults\velocity.properties
2020-04-06 15:46:21,977 - Trying to use logger class org.apache.velocity.runtime.log.SimpleLog4JLogSystem
2020-04-06 15:46:21,977 - Using logger class org.apache.velocity.runtime.log.SimpleLog4JLogSystem
2020-04-06 15:46:21,995 - Default ResourceManager initializing. (class org.apache.velocity.runtime.resource.ResourceManagerImpl)
2020-04-06 15:46:22,007 - Resource Loader Instantiated: org.apache.velocity.runtime.resource.loader.ClasspathResourceLoader
2020-04-06 15:46:22,008 - ClasspathResourceLoader : initialization starting.
2020-04-06 15:46:22,008 - ClasspathResourceLoader : initialization complete.
2020-04-06 15:46:22,020 - ResourceCache : initialized. (class org.apache.velocity.runtime.resource.ResourceCacheImpl)
2020-04-06 15:46:22,020 - Default ResourceManager initialization complete.
2020-04-06 15:46:22,028 - Loaded System Directive: org.apache.velocity.runtime.directive.Literal
2020-04-06 15:46:22,049 - Loaded System Directive: org.apache.velocity.runtime.directive.Macro
2020-04-06 15:46:22,063 - Loaded System Directive: org.apache.velocity.runtime.directive.Parse
2020-04-06 15:46:22,072 - Loaded System Directive: org.apache.velocity.runtime.directive.Include
2020-04-06 15:46:22,079 - Loaded System Directive: org.apache.velocity.runtime.directive.Foreach
2020-04-06 15:46:22,254 - Created: 20 parsers.
2020-04-06 15:46:22,295 - Velocimacro : initialization starting.
2020-04-06 15:46:22,298 - Velocimacro : adding VMs from VM library template : VM_global_library.vm
2020-04-06 15:46:22,325 - ResourceManager : unable to find resource 'VM_global_library.vm' in any resource loader.
2020-04-06 15:46:22,325 - Velocimacro : error using  VM library template VM_global_library.vm : org.apache.velocity.exception.ResourceNotFoundException: Unable to find resource 'VM_global_library.vm'
2020-04-06 15:46:22,327 - Velocimacro :  VM library template macro registration complete.
2020-04-06 15:46:22,328 - Velocimacro : allowInline = true : VMs can be defined inline in templates
2020-04-06 15:46:22,328 - Velocimacro : allowInlineToOverride = false : VMs defined inline may NOT replace previous VM definitions
2020-04-06 15:46:22,328 - Velocimacro : allowInlineLocal = false : VMs defined inline will be  global in scope if allowed.
2020-04-06 15:46:22,328 - Velocimacro : messages on  : VM system will output logging messages
2020-04-06 15:46:22,329 - Velocimacro : autoload off  : VM system will not automatically reload global library macros
2020-04-06 15:46:22,329 - Velocimacro : initialization complete.
2020-04-06 15:46:22,329 - Velocity successfully started.
